<?xml version="1.0" encoding="UTF-8"?>
<!-- Generated by org.testng.reporters.JUnitReportReporter -->
<testsuite hostname="DESKTOP-LQEM3VC" failures="0" tests="1" name="locators.dynamicxpath.LocateByAbsoluteXPath" time="0.011" errors="1" timestamp="2024-04-09T20:16:07 EDT" skipped="0">
  <testcase classname="locators.dynamicxpath.LocateByAbsoluteXPath" name="absoluteXPath" time="0.011">
    <error message="Error {
  message=&#039;Unexpected token &quot;/&quot; while parsing selector &quot;/html[1]/body[1]/div[2]/div[1]/div[1]/div[1]/div[2]/div[2]/form[1]/div[1]/div[2]/input[1]&quot;
  name=&#039;Error
  stack=&#039;Error: Unexpected token &quot;/&quot; while parsing selector &quot;/html[1]/body[1]/div[2]/div[1]/div[1]/div[1]/div[2]/div[2]/form[1]/div[1]/div[2]/input[1]&quot;
    at unexpected (C:\Users\Asus\AppData\Local\Temp\playwright-java-9622117086213962952\package\lib\utils\isomorphic\cssParser.js:68:12)
    at consumeSimpleSelector (C:\Users\Asus\AppData\Local\Temp\playwright-java-9622117086213962952\package\lib\utils\isomorphic\cssParser.js:208:15)
    at consumeComplexSelector (C:\Users\Asus\AppData\Local\Temp\playwright-java-9622117086213962952\package\lib\utils\isomorphic\cssParser.js:140:19)
    at consumeArgument (C:\Users\Asus\AppData\Local\Temp\playwright-java-9622117086213962952\package\lib\utils\isomorphic\cssParser.js:120:12)
    at consumeFunctionArguments (C:\Users\Asus\AppData\Local\Temp\playwright-java-9622117086213962952\package\lib\utils\isomorphic\cssParser.js:107:21)
    at parseCSS (C:\Users\Asus\AppData\Local\Temp\playwright-java-9622117086213962952\package\lib\utils\isomorphic\cssParser.js:228:18)
    at parseSelector (C:\Users\Asus\AppData\Local\Temp\playwright-java-9622117086213962952\package\lib\utils\isomorphic\selectorParser.js:50:49)
    at splitSelectorByFrame (C:\Users\Asus\AppData\Local\Temp\playwright-java-9622117086213962952\package\lib\utils\isomorphic\selectorParser.js:99:20)
    at FrameSelectors.resolveFrameForSelector (C:\Users\Asus\AppData\Local\Temp\playwright-java-9622117086213962952\package\lib\server\frameSelectors.js:110:66)
    at FrameSelectors.resolveInjectedForSelector (C:\Users\Asus\AppData\Local\Temp\playwright-java-9622117086213962952\package\lib\server\frameSelectors.js:152:33)
}
Call log:
- waiting for /html[1]/body[1]/div[2]/div[1]/div[1]/div[1]/div[2]/div[2]/form[1]/div[1]/div[2]/input[1]
" type="com.microsoft.playwright.PlaywrightException">
      <![CDATA[com.microsoft.playwright.PlaywrightException: Error {
  message='Unexpected token "/" while parsing selector "/html[1]/body[1]/div[2]/div[1]/div[1]/div[1]/div[2]/div[2]/form[1]/div[1]/div[2]/input[1]"
  name='Error
  stack='Error: Unexpected token "/" while parsing selector "/html[1]/body[1]/div[2]/div[1]/div[1]/div[1]/div[2]/div[2]/form[1]/div[1]/div[2]/input[1]"
    at unexpected (C:\Users\Asus\AppData\Local\Temp\playwright-java-9622117086213962952\package\lib\utils\isomorphic\cssParser.js:68:12)
    at consumeSimpleSelector (C:\Users\Asus\AppData\Local\Temp\playwright-java-9622117086213962952\package\lib\utils\isomorphic\cssParser.js:208:15)
    at consumeComplexSelector (C:\Users\Asus\AppData\Local\Temp\playwright-java-9622117086213962952\package\lib\utils\isomorphic\cssParser.js:140:19)
    at consumeArgument (C:\Users\Asus\AppData\Local\Temp\playwright-java-9622117086213962952\package\lib\utils\isomorphic\cssParser.js:120:12)
    at consumeFunctionArguments (C:\Users\Asus\AppData\Local\Temp\playwright-java-9622117086213962952\package\lib\utils\isomorphic\cssParser.js:107:21)
    at parseCSS (C:\Users\Asus\AppData\Local\Temp\playwright-java-9622117086213962952\package\lib\utils\isomorphic\cssParser.js:228:18)
    at parseSelector (C:\Users\Asus\AppData\Local\Temp\playwright-java-9622117086213962952\package\lib\utils\isomorphic\selectorParser.js:50:49)
    at splitSelectorByFrame (C:\Users\Asus\AppData\Local\Temp\playwright-java-9622117086213962952\package\lib\utils\isomorphic\selectorParser.js:99:20)
    at FrameSelectors.resolveFrameForSelector (C:\Users\Asus\AppData\Local\Temp\playwright-java-9622117086213962952\package\lib\server\frameSelectors.js:110:66)
    at FrameSelectors.resolveInjectedForSelector (C:\Users\Asus\AppData\Local\Temp\playwright-java-9622117086213962952\package\lib\server\frameSelectors.js:152:33)
}
Call log:
- waiting for /html[1]/body[1]/div[2]/div[1]/div[1]/div[1]/div[2]/div[2]/form[1]/div[1]/div[2]/input[1]

at com.microsoft.playwright.impl.WaitableResult.get(WaitableResult.java:54)
at com.microsoft.playwright.impl.ChannelOwner.runUntil(ChannelOwner.java:120)
at com.microsoft.playwright.impl.Connection.sendMessage(Connection.java:130)
at com.microsoft.playwright.impl.ChannelOwner.sendMessage(ChannelOwner.java:106)
at com.microsoft.playwright.impl.FrameImpl.fillImpl(FrameImpl.java:335)
at com.microsoft.playwright.impl.FrameImpl.lambda$fill$14(FrameImpl.java:325)
at com.microsoft.playwright.impl.LoggingSupport.lambda$withLogging$0(LoggingSupport.java:36)
at com.microsoft.playwright.impl.LoggingSupport.withLogging(LoggingSupport.java:47)
at com.microsoft.playwright.impl.ChannelOwner.withLogging(ChannelOwner.java:89)
at com.microsoft.playwright.impl.LoggingSupport.withLogging(LoggingSupport.java:35)
at com.microsoft.playwright.impl.FrameImpl.fill(FrameImpl.java:325)
at com.microsoft.playwright.impl.LocatorImpl.fill(LocatorImpl.java:226)
at com.microsoft.playwright.Locator.fill(Locator.java:2947)
at locators.dynamicxpath.LocateByAbsoluteXPath.absoluteXPath(LocateByAbsoluteXPath.java:45)
at java.base/jdk.internal.reflect.NativeMethodAccessorImpl.invoke0(Native Method)
at java.base/jdk.internal.reflect.NativeMethodAccessorImpl.invoke(NativeMethodAccessorImpl.java:77)
at java.base/jdk.internal.reflect.DelegatingMethodAccessorImpl.invoke(DelegatingMethodAccessorImpl.java:43)
at java.base/java.lang.reflect.Method.invoke(Method.java:568)
at org.testng.internal.invokers.MethodInvocationHelper.invokeMethod(MethodInvocationHelper.java:139)
at org.testng.internal.invokers.TestInvoker.invokeMethod(TestInvoker.java:664)
at org.testng.internal.invokers.TestInvoker.invokeTestMethod(TestInvoker.java:228)
at org.testng.internal.invokers.MethodRunner.runInSequence(MethodRunner.java:63)
at org.testng.internal.invokers.TestInvoker$MethodInvocationAgent.invoke(TestInvoker.java:961)
at org.testng.internal.invokers.TestInvoker.invokeTestMethods(TestInvoker.java:201)
at org.testng.internal.invokers.TestMethodWorker.invokeTestMethods(TestMethodWorker.java:148)
at org.testng.internal.invokers.TestMethodWorker.run(TestMethodWorker.java:128)
at java.base/java.util.ArrayList.forEach(ArrayList.java:1511)
at org.testng.TestRunner.privateRun(TestRunner.java:819)
at org.testng.TestRunner.run(TestRunner.java:619)
at org.testng.SuiteRunner.runTest(SuiteRunner.java:443)
at org.testng.SuiteRunner.runSequentially(SuiteRunner.java:437)
at org.testng.SuiteRunner.privateRun(SuiteRunner.java:397)
at org.testng.SuiteRunner.run(SuiteRunner.java:336)
at org.testng.SuiteRunnerWorker.runSuite(SuiteRunnerWorker.java:52)
at org.testng.SuiteRunnerWorker.run(SuiteRunnerWorker.java:95)
at org.testng.TestNG.runSuitesSequentially(TestNG.java:1301)
at org.testng.TestNG.runSuitesLocally(TestNG.java:1228)
at org.testng.TestNG.runSuites(TestNG.java:1134)
at org.testng.TestNG.run(TestNG.java:1101)
at org.testng.remote.AbstractRemoteTestNG.run(AbstractRemoteTestNG.java:115)
at org.testng.remote.RemoteTestNG.initAndRun(RemoteTestNG.java:251)
at org.testng.remote.RemoteTestNG.main(RemoteTestNG.java:77)
Caused by: com.microsoft.playwright.impl.DriverException: Error {
  message='Unexpected token "/" while parsing selector "/html[1]/body[1]/div[2]/div[1]/div[1]/div[1]/div[2]/div[2]/form[1]/div[1]/div[2]/input[1]"
  name='Error
  stack='Error: Unexpected token "/" while parsing selector "/html[1]/body[1]/div[2]/div[1]/div[1]/div[1]/div[2]/div[2]/form[1]/div[1]/div[2]/input[1]"
    at unexpected (C:\Users\Asus\AppData\Local\Temp\playwright-java-9622117086213962952\package\lib\utils\isomorphic\cssParser.js:68:12)
    at consumeSimpleSelector (C:\Users\Asus\AppData\Local\Temp\playwright-java-9622117086213962952\package\lib\utils\isomorphic\cssParser.js:208:15)
    at consumeComplexSelector (C:\Users\Asus\AppData\Local\Temp\playwright-java-9622117086213962952\package\lib\utils\isomorphic\cssParser.js:140:19)
    at consumeArgument (C:\Users\Asus\AppData\Local\Temp\playwright-java-9622117086213962952\package\lib\utils\isomorphic\cssParser.js:120:12)
    at consumeFunctionArguments (C:\Users\Asus\AppData\Local\Temp\playwright-java-9622117086213962952\package\lib\utils\isomorphic\cssParser.js:107:21)
    at parseCSS (C:\Users\Asus\AppData\Local\Temp\playwright-java-9622117086213962952\package\lib\utils\isomorphic\cssParser.js:228:18)
    at parseSelector (C:\Users\Asus\AppData\Local\Temp\playwright-java-9622117086213962952\package\lib\utils\isomorphic\selectorParser.js:50:49)
    at splitSelectorByFrame (C:\Users\Asus\AppData\Local\Temp\playwright-java-9622117086213962952\package\lib\utils\isomorphic\selectorParser.js:99:20)
    at FrameSelectors.resolveFrameForSelector (C:\Users\Asus\AppData\Local\Temp\playwright-java-9622117086213962952\package\lib\server\frameSelectors.js:110:66)
    at FrameSelectors.resolveInjectedForSelector (C:\Users\Asus\AppData\Local\Temp\playwright-java-9622117086213962952\package\lib\server\frameSelectors.js:152:33)
}
Call log:
- waiting for /html[1]/body[1]/div[2]/div[1]/div[1]/div[1]/div[2]/div[2]/form[1]/div[1]/div[2]/input[1]

at com.microsoft.playwright.impl.Connection.dispatch(Connection.java:259)
at com.microsoft.playwright.impl.Connection.processOneMessage(Connection.java:211)
at com.microsoft.playwright.impl.ChannelOwner.runUntil(ChannelOwner.java:118)
... 40 more
]]>
    </error>
  </testcase> <!-- absoluteXPath -->
</testsuite> <!-- locators.dynamicxpath.LocateByAbsoluteXPath -->
