<?xml version="1.0" encoding="UTF-8"?>
<!-- Generated by org.testng.reporters.JUnitReportReporter -->
<testsuite hostname="DESKTOP-LQEM3VC" failures="0" tests="1" name="mouseevents.MoveToElement" time="4.808" errors="1" timestamp="2024-04-10T07:27:04 EDT" skipped="0">
  <testcase classname="mouseevents.MoveToElement" name="moveToElement" time="4.808">
    <error message="Error {
  message=&#039;Error: strict mode violation: locator(&quot;//span[contains(text(),&#039;Craft&#039;)]&quot;) resolved to 3 elements:
    1) &lt;span&gt;Arts &amp; Crafts for Kids&lt;/span&gt; aka locator(&quot;a&quot;).filter(new Locator.FilterOptions().setHasText(&quot;Arts &amp; Crafts for Kids&quot;))
    2) &lt;span&gt;Stationery &amp; Craft&lt;/span&gt; aka locator(&quot;a&quot;).filter(new Locator.FilterOptions().setHasText(&quot;Stationery &amp; Craft&quot;)).first()
    3) &lt;span&gt;Stationery &amp; Craft&lt;/span&gt; aka locator(&quot;a&quot;).filter(new Locator.FilterOptions().setHasText(&quot;Stationery &amp; Craft&quot;)).nth(1)

  name=&#039;Error
  stack=&#039;Error: Error: strict mode violation: locator(&quot;//span[contains(text(),&#039;Craft&#039;)]&quot;) resolved to 3 elements:
    1) &lt;span&gt;Arts &amp; Crafts for Kids&lt;/span&gt; aka locator(&quot;a&quot;).filter(new Locator.FilterOptions().setHasText(&quot;Arts &amp; Crafts for Kids&quot;))
    2) &lt;span&gt;Stationery &amp; Craft&lt;/span&gt; aka locator(&quot;a&quot;).filter(new Locator.FilterOptions().setHasText(&quot;Stationery &amp; Craft&quot;)).first()
    3) &lt;span&gt;Stationery &amp; Craft&lt;/span&gt; aka locator(&quot;a&quot;).filter(new Locator.FilterOptions().setHasText(&quot;Stationery &amp; Craft&quot;)).nth(1)

    at CRExecutionContext.evaluateWithArguments (C:\Users\Asus\AppData\Local\Temp\playwright-java-6253810834504534083\package\lib\server\chromium\crExecutionContext.js:92:33)
    at async LongStandingScope._race (C:\Users\Asus\AppData\Local\Temp\playwright-java-6253810834504534083\package\lib\utils\manualPromise.js:96:14)
    at async evaluateExpression (C:\Users\Asus\AppData\Local\Temp\playwright-java-6253810834504534083\package\lib\server\javascript.js:241:12)
    at async C:\Users\Asus\AppData\Local\Temp\playwright-java-6253810834504534083\package\lib\server\frames.js:942:22
    at async Frame.retryWithProgressAndTimeouts (C:\Users\Asus\AppData\Local\Temp\playwright-java-6253810834504534083\package\lib\server\frames.js:912:24)
    at async C:\Users\Asus\AppData\Local\Temp\playwright-java-6253810834504534083\package\lib\server\frames.js:1154:29
    at async ProgressController.run (C:\Users\Asus\AppData\Local\Temp\playwright-java-6253810834504534083\package\lib\server\progress.js:82:22)
    at async FrameDispatcher.hover (C:\Users\Asus\AppData\Local\Temp\playwright-java-6253810834504534083\package\lib\server\dispatchers\frameDispatcher.js:237:12)
    at async LongStandingScope._race (C:\Users\Asus\AppData\Local\Temp\playwright-java-6253810834504534083\package\lib\utils\manualPromise.js:96:14)
    at async FrameDispatcher._handleCommand (C:\Users\Asus\AppData\Local\Temp\playwright-java-6253810834504534083\package\lib\server\dispatchers\dispatcher.js:96:14)
}
Call log:
- waiting for locator(&quot;//span[contains(text(),&#039;Craft&#039;)]&quot;)
" type="com.microsoft.playwright.PlaywrightException">
      <![CDATA[com.microsoft.playwright.PlaywrightException: Error {
  message='Error: strict mode violation: locator("//span[contains(text(),'Craft')]") resolved to 3 elements:
    1) <span>Arts & Crafts for Kids</span> aka locator("a").filter(new Locator.FilterOptions().setHasText("Arts & Crafts for Kids"))
    2) <span>Stationery & Craft</span> aka locator("a").filter(new Locator.FilterOptions().setHasText("Stationery & Craft")).first()
    3) <span>Stationery & Craft</span> aka locator("a").filter(new Locator.FilterOptions().setHasText("Stationery & Craft")).nth(1)

  name='Error
  stack='Error: Error: strict mode violation: locator("//span[contains(text(),'Craft')]") resolved to 3 elements:
    1) <span>Arts & Crafts for Kids</span> aka locator("a").filter(new Locator.FilterOptions().setHasText("Arts & Crafts for Kids"))
    2) <span>Stationery & Craft</span> aka locator("a").filter(new Locator.FilterOptions().setHasText("Stationery & Craft")).first()
    3) <span>Stationery & Craft</span> aka locator("a").filter(new Locator.FilterOptions().setHasText("Stationery & Craft")).nth(1)

    at CRExecutionContext.evaluateWithArguments (C:\Users\Asus\AppData\Local\Temp\playwright-java-6253810834504534083\package\lib\server\chromium\crExecutionContext.js:92:33)
    at async LongStandingScope._race (C:\Users\Asus\AppData\Local\Temp\playwright-java-6253810834504534083\package\lib\utils\manualPromise.js:96:14)
    at async evaluateExpression (C:\Users\Asus\AppData\Local\Temp\playwright-java-6253810834504534083\package\lib\server\javascript.js:241:12)
    at async C:\Users\Asus\AppData\Local\Temp\playwright-java-6253810834504534083\package\lib\server\frames.js:942:22
    at async Frame.retryWithProgressAndTimeouts (C:\Users\Asus\AppData\Local\Temp\playwright-java-6253810834504534083\package\lib\server\frames.js:912:24)
    at async C:\Users\Asus\AppData\Local\Temp\playwright-java-6253810834504534083\package\lib\server\frames.js:1154:29
    at async ProgressController.run (C:\Users\Asus\AppData\Local\Temp\playwright-java-6253810834504534083\package\lib\server\progress.js:82:22)
    at async FrameDispatcher.hover (C:\Users\Asus\AppData\Local\Temp\playwright-java-6253810834504534083\package\lib\server\dispatchers\frameDispatcher.js:237:12)
    at async LongStandingScope._race (C:\Users\Asus\AppData\Local\Temp\playwright-java-6253810834504534083\package\lib\utils\manualPromise.js:96:14)
    at async FrameDispatcher._handleCommand (C:\Users\Asus\AppData\Local\Temp\playwright-java-6253810834504534083\package\lib\server\dispatchers\dispatcher.js:96:14)
}
Call log:
- waiting for locator("//span[contains(text(),'Craft')]")

at com.microsoft.playwright.impl.WaitableResult.get(WaitableResult.java:54)
at com.microsoft.playwright.impl.ChannelOwner.runUntil(ChannelOwner.java:120)
at com.microsoft.playwright.impl.Connection.sendMessage(Connection.java:130)
at com.microsoft.playwright.impl.ChannelOwner.sendMessage(ChannelOwner.java:106)
at com.microsoft.playwright.impl.FrameImpl.hoverImpl(FrameImpl.java:482)
at com.microsoft.playwright.impl.FrameImpl.lambda$hover$19(FrameImpl.java:473)
at com.microsoft.playwright.impl.LoggingSupport.lambda$withLogging$0(LoggingSupport.java:36)
at com.microsoft.playwright.impl.LoggingSupport.withLogging(LoggingSupport.java:47)
at com.microsoft.playwright.impl.ChannelOwner.withLogging(ChannelOwner.java:89)
at com.microsoft.playwright.impl.LoggingSupport.withLogging(LoggingSupport.java:35)
at com.microsoft.playwright.impl.FrameImpl.hover(FrameImpl.java:473)
at com.microsoft.playwright.impl.LocatorImpl.hover(LocatorImpl.java:335)
at com.microsoft.playwright.Locator.hover(Locator.java:3660)
at mouseevents.MoveToElement.moveToElement(MoveToElement.java:48)
at java.base/jdk.internal.reflect.NativeMethodAccessorImpl.invoke0(Native Method)
at java.base/jdk.internal.reflect.NativeMethodAccessorImpl.invoke(NativeMethodAccessorImpl.java:77)
at java.base/jdk.internal.reflect.DelegatingMethodAccessorImpl.invoke(DelegatingMethodAccessorImpl.java:43)
at java.base/java.lang.reflect.Method.invoke(Method.java:568)
at org.testng.internal.invokers.MethodInvocationHelper.invokeMethod(MethodInvocationHelper.java:139)
at org.testng.internal.invokers.TestInvoker.invokeMethod(TestInvoker.java:664)
at org.testng.internal.invokers.TestInvoker.invokeTestMethod(TestInvoker.java:228)
at org.testng.internal.invokers.MethodRunner.runInSequence(MethodRunner.java:63)
at org.testng.internal.invokers.TestInvoker$MethodInvocationAgent.invoke(TestInvoker.java:961)
at org.testng.internal.invokers.TestInvoker.invokeTestMethods(TestInvoker.java:201)
at org.testng.internal.invokers.TestMethodWorker.invokeTestMethods(TestMethodWorker.java:148)
at org.testng.internal.invokers.TestMethodWorker.run(TestMethodWorker.java:128)
at java.base/java.util.ArrayList.forEach(ArrayList.java:1511)
at org.testng.TestRunner.privateRun(TestRunner.java:819)
at org.testng.TestRunner.run(TestRunner.java:619)
at org.testng.SuiteRunner.runTest(SuiteRunner.java:443)
at org.testng.SuiteRunner.runSequentially(SuiteRunner.java:437)
at org.testng.SuiteRunner.privateRun(SuiteRunner.java:397)
at org.testng.SuiteRunner.run(SuiteRunner.java:336)
at org.testng.SuiteRunnerWorker.runSuite(SuiteRunnerWorker.java:52)
at org.testng.SuiteRunnerWorker.run(SuiteRunnerWorker.java:95)
at org.testng.TestNG.runSuitesSequentially(TestNG.java:1301)
at org.testng.TestNG.runSuitesLocally(TestNG.java:1228)
at org.testng.TestNG.runSuites(TestNG.java:1134)
at org.testng.TestNG.run(TestNG.java:1101)
at org.testng.remote.AbstractRemoteTestNG.run(AbstractRemoteTestNG.java:115)
at org.testng.remote.RemoteTestNG.initAndRun(RemoteTestNG.java:251)
at org.testng.remote.RemoteTestNG.main(RemoteTestNG.java:77)
Caused by: com.microsoft.playwright.impl.DriverException: Error {
  message='Error: strict mode violation: locator("//span[contains(text(),'Craft')]") resolved to 3 elements:
    1) <span>Arts & Crafts for Kids</span> aka locator("a").filter(new Locator.FilterOptions().setHasText("Arts & Crafts for Kids"))
    2) <span>Stationery & Craft</span> aka locator("a").filter(new Locator.FilterOptions().setHasText("Stationery & Craft")).first()
    3) <span>Stationery & Craft</span> aka locator("a").filter(new Locator.FilterOptions().setHasText("Stationery & Craft")).nth(1)

  name='Error
  stack='Error: Error: strict mode violation: locator("//span[contains(text(),'Craft')]") resolved to 3 elements:
    1) <span>Arts & Crafts for Kids</span> aka locator("a").filter(new Locator.FilterOptions().setHasText("Arts & Crafts for Kids"))
    2) <span>Stationery & Craft</span> aka locator("a").filter(new Locator.FilterOptions().setHasText("Stationery & Craft")).first()
    3) <span>Stationery & Craft</span> aka locator("a").filter(new Locator.FilterOptions().setHasText("Stationery & Craft")).nth(1)

    at CRExecutionContext.evaluateWithArguments (C:\Users\Asus\AppData\Local\Temp\playwright-java-6253810834504534083\package\lib\server\chromium\crExecutionContext.js:92:33)
    at async LongStandingScope._race (C:\Users\Asus\AppData\Local\Temp\playwright-java-6253810834504534083\package\lib\utils\manualPromise.js:96:14)
    at async evaluateExpression (C:\Users\Asus\AppData\Local\Temp\playwright-java-6253810834504534083\package\lib\server\javascript.js:241:12)
    at async C:\Users\Asus\AppData\Local\Temp\playwright-java-6253810834504534083\package\lib\server\frames.js:942:22
    at async Frame.retryWithProgressAndTimeouts (C:\Users\Asus\AppData\Local\Temp\playwright-java-6253810834504534083\package\lib\server\frames.js:912:24)
    at async C:\Users\Asus\AppData\Local\Temp\playwright-java-6253810834504534083\package\lib\server\frames.js:1154:29
    at async ProgressController.run (C:\Users\Asus\AppData\Local\Temp\playwright-java-6253810834504534083\package\lib\server\progress.js:82:22)
    at async FrameDispatcher.hover (C:\Users\Asus\AppData\Local\Temp\playwright-java-6253810834504534083\package\lib\server\dispatchers\frameDispatcher.js:237:12)
    at async LongStandingScope._race (C:\Users\Asus\AppData\Local\Temp\playwright-java-6253810834504534083\package\lib\utils\manualPromise.js:96:14)
    at async FrameDispatcher._handleCommand (C:\Users\Asus\AppData\Local\Temp\playwright-java-6253810834504534083\package\lib\server\dispatchers\dispatcher.js:96:14)
}
Call log:
- waiting for locator("//span[contains(text(),'Craft')]")

at com.microsoft.playwright.impl.Connection.dispatch(Connection.java:259)
at com.microsoft.playwright.impl.Connection.processOneMessage(Connection.java:211)
at com.microsoft.playwright.impl.ChannelOwner.runUntil(ChannelOwner.java:118)
... 40 more
]]>
    </error>
  </testcase> <!-- moveToElement -->
</testsuite> <!-- mouseevents.MoveToElement -->
